<?xml version="1.0" encoding="UTF-8"?>
<testsuite name="calculator.object.DelimitersTest" tests="2" skipped="0" failures="0" errors="0" timestamp="2024-11-18T10:18:24" hostname="munjaeyun-ui-MacBookAir.local" time="0.027">
  <properties/>
  <testcase name="커스텀_구분자_사용_테스트()" classname="calculator.object.DelimitersTest" time="0.025"/>
  <testcase name="기본_구분자_사용_테스트()" classname="calculator.object.DelimitersTest" time="0.001"/>
  <system-out><![CDATA[]]></system-out>
  <system-err><![CDATA[]]></system-err>
</testsuite>
